2021-03-01 17:26:16.978 [background-preinit] INFO  org.hibernate.validator.internal.util.Version - HV000001: Hibernate Validator 5.3.6.Final
2021-03-01 17:26:17.048 [restartedMain] INFO  com.me.mesite.MeSiteApplication - Starting MeSiteApplication using Java 1.8.0_181 on Exx with PID 46978 (/Users/Exx/ware/code/me-warehouse/me-site/target/classes started by Exx in /Users/Exx/ware/code/me-warehouse)
2021-03-01 17:26:17.049 [restartedMain] INFO  com.me.mesite.MeSiteApplication - The following profiles are active: dev
2021-03-01 17:26:17.126 [restartedMain] INFO  o.s.b.d.env.DevToolsPropertyDefaultsPostProcessor - For additional web related logging consider setting the 'logging.level.web' property to 'DEBUG'
2021-03-01 17:26:18.018 [restartedMain] INFO  o.s.d.r.config.RepositoryConfigurationDelegate - Bootstrapping Spring Data JPA repositories in DEFAULT mode.
2021-03-01 17:26:18.090 [restartedMain] INFO  o.s.d.r.config.RepositoryConfigurationDelegate - Finished Spring Data repository scanning in 65 ms. Found 5 JPA repository interfaces.
2021-03-01 17:26:18.732 [restartedMain] INFO  o.s.boot.web.embedded.tomcat.TomcatWebServer - Tomcat initialized with port(s): 8080 (http)
2021-03-01 17:26:18.739 [restartedMain] INFO  org.apache.coyote.http11.Http11NioProtocol - Initializing ProtocolHandler ["http-nio-8080"]
2021-03-01 17:26:18.739 [restartedMain] INFO  org.apache.catalina.core.StandardService - Starting service [Tomcat]
2021-03-01 17:26:18.739 [restartedMain] INFO  org.apache.catalina.core.StandardEngine - Starting Servlet engine: [Apache Tomcat/9.0.41]
2021-03-01 17:26:18.815 [restartedMain] INFO  o.a.c.core.ContainerBase.[Tomcat].[localhost].[/] - Initializing Spring embedded WebApplicationContext
2021-03-01 17:26:18.816 [restartedMain] INFO  o.s.b.w.s.c.ServletWebServerApplicationContext - Root WebApplicationContext: initialization completed in 1643 ms
2021-03-01 17:26:19.044 [restartedMain] INFO  c.a.d.s.b.a.DruidDataSourceAutoConfigure - Init DruidDataSource
2021-03-01 17:26:19.310 [restartedMain] INFO  com.alibaba.druid.pool.DruidDataSource - {dataSource-1} inited
2021-03-01 17:26:19.405 [restartedMain] INFO  org.hibernate.jpa.internal.util.LogHelper - HHH000204: Processing PersistenceUnitInfo [name: default]
2021-03-01 17:26:19.482 [restartedMain] INFO  org.hibernate.Version - HHH000412: Hibernate ORM core version 5.4.27.Final
2021-03-01 17:26:19.651 [restartedMain] INFO  org.hibernate.annotations.common.Version - HCANN000001: Hibernate Commons Annotations {5.1.2.Final}
2021-03-01 17:26:20.244 [restartedMain] INFO  org.hibernate.dialect.Dialect - HHH000400: Using dialect: org.hibernate.dialect.MySQL55Dialect
2021-03-01 17:26:21.653 [restartedMain] INFO  o.h.e.t.jta.platform.internal.JtaPlatformInitiator - HHH000490: Using JtaPlatform implementation: [org.hibernate.engine.transaction.jta.platform.internal.NoJtaPlatform]
2021-03-01 17:26:21.712 [restartedMain] INFO  o.s.orm.jpa.LocalContainerEntityManagerFactoryBean - Initialized JPA EntityManagerFactory for persistence unit 'default'
2021-03-01 17:26:21.836 [restartedMain] INFO  o.s.b.d.autoconfigure.OptionalLiveReloadServer - LiveReload server is running on port 35729
2021-03-01 17:26:22.713 [restartedMain] INFO  com.me.mesite.infrastructure.config.MeConfig - com.me.mesite.infrastructure.config.MeConfig$SpringBootstrap init exec success!! 
2021-03-01 17:26:22.959 [restartedMain] INFO  o.s.scheduling.concurrent.ThreadPoolTaskExecutor - Initializing ExecutorService 'applicationTaskExecutor'
2021-03-01 17:26:23.557 [restartedMain] INFO  o.s.b.actuate.endpoint.web.EndpointLinksResolver - Exposing 2 endpoint(s) beneath base path '/actuator'
2021-03-01 17:26:23.608 [restartedMain] INFO  org.apache.coyote.http11.Http11NioProtocol - Starting ProtocolHandler ["http-nio-8080"]
2021-03-01 17:26:23.642 [restartedMain] INFO  o.s.boot.web.embedded.tomcat.TomcatWebServer - Tomcat started on port(s): 8080 (http) with context path ''
2021-03-01 17:26:23.657 [restartedMain] INFO  com.me.mesite.MeSiteApplication - Started MeSiteApplication in 7.3 seconds (JVM running for 8.281)
2021-03-01 17:26:23.929 [RMI TCP Connection(5)-192.168.3.97] INFO  o.a.c.core.ContainerBase.[Tomcat].[localhost].[/] - Initializing Spring DispatcherServlet 'dispatcherServlet'
2021-03-01 17:26:23.930 [RMI TCP Connection(5)-192.168.3.97] INFO  org.springframework.web.servlet.DispatcherServlet - Initializing Servlet 'dispatcherServlet'
2021-03-01 17:26:23.932 [RMI TCP Connection(5)-192.168.3.97] INFO  org.springframework.web.servlet.DispatcherServlet - Completed initialization in 2 ms
2021-03-01 17:28:03.053 [SpringContextShutdownHook] INFO  o.s.scheduling.concurrent.ThreadPoolTaskExecutor - Shutting down ExecutorService 'applicationTaskExecutor'
2021-03-01 17:28:03.057 [SpringContextShutdownHook] INFO  o.s.orm.jpa.LocalContainerEntityManagerFactoryBean - Closing JPA EntityManagerFactory for persistence unit 'default'
2021-03-01 17:28:03.069 [SpringContextShutdownHook] INFO  com.alibaba.druid.pool.DruidDataSource - {dataSource-1} closed
